<?xml version="1.0" encoding="UTF-8"?>
<!-- Generated by org.testng.reporters.JUnitXMLReporter -->
<testsuite ignored="0" hostname="DESKTOP-S5NN8IV" failures="0" tests="2" name="Surefire test" time="53.479" errors="0" timestamp="23 Jul 2024 09:50:52 GMT">
  <testcase classname="SupriyaBhosale.SeleniumProjectEcommerace.StandAloneTest" name="StandAlone" time="5.749"/>
  <testcase classname="SupriyaBhosale.SeleniumProjectEcommerace.StandAloneTest" name="OrderHistoryTest" time="0.602"/>
</testsuite> <!-- Surefire test -->
