<?xml version="1.0" encoding="UTF-8"?>
<!-- Generated by org.testng.reporters.JUnitXMLReporter -->
<testsuite ignored="0" hostname="DESKTOP-S5NN8IV" failures="0" tests="2" name="Error validation Test" time="8.256" errors="0" timestamp="16 Aug 2024 22:16:57 GMT">
  <testcase classname="SupriyaBhosale.SeleniumProjectEcommerace.ErrorValidation" name="loginErroValidation" time="0.901"/>
  <testcase classname="SupriyaBhosale.SeleniumProjectEcommerace.ErrorValidation" name="productErrorValidation" time="3.619"/>
</testsuite> <!-- Error validation Test -->
