<?xml version="1.0" encoding="UTF-8"?>
<!-- Generated by org.testng.reporters.JUnitXMLReporter -->
<testsuite ignored="0" hostname="DESKTOP-S5NN8IV" failures="0" tests="3" name="HahMap DataProvider Test" time="13.852" errors="0" timestamp="16 Aug 2024 22:17:03 GMT">
  <testcase classname="SupriyaBhosale.SeleniumProjectEcommerace.StandAloneTestHashmap" name="StandAlone" time="4.301"/>
  <testcase classname="SupriyaBhosale.SeleniumProjectEcommerace.StandAloneTestHashmap" name="StandAlone" time="4.384"/>
  <testcase classname="SupriyaBhosale.SeleniumProjectEcommerace.StandAloneTestHashmap" name="OrderHistoryTest" time="0.382"/>
</testsuite> <!-- HahMap DataProvider Test -->
