<?xml version="1.0" encoding="UTF-8"?>
<!-- Generated by org.testng.reporters.JUnitXMLReporter -->
<testsuite ignored="2" hostname="DESKTOP-S5NN8IV" failures="0" tests="0" time="0.013" errors="0" timestamp="25 Jul 2024 15:22:27 GMT">
  <testcase classname="SupriyaBhosale.SeleniumProjectEcommerace.StandAloneTest" name="OrderHistoryTest" time="0.0">
    <ignored/>
  </testcase> <!-- OrderHistoryTest -->
  <testcase classname="SupriyaBhosale.SeleniumProjectEcommerace.StandAloneTest" name="StandAlone" time="0.0">
    <ignored/>
  </testcase> <!-- StandAlone -->
</testsuite>
