<?xml version="1.0" encoding="UTF-8"?>
<!-- Generated by org.testng.reporters.JUnitXMLReporter -->
<testsuite ignored="0" hostname="DESKTOP-S5NN8IV" failures="0" tests="2" name="Error validation Test" time="18.884" errors="0" timestamp="30 Jul 2024 03:21:58 GMT">
  <testcase classname="SupriyaBhosale.SeleniumProjectEcommerace.ErrorValidation" name="loginErroValidation" time="2.306"/>
  <testcase classname="SupriyaBhosale.SeleniumProjectEcommerace.ErrorValidation" name="productErrorValidation" time="4.605"/>
</testsuite> <!-- Error validation Test -->
