<?xml version="1.0" encoding="UTF-8"?>
<!-- Generated by org.testng.reporters.JUnitXMLReporter -->
<testsuite ignored="0" hostname="DESKTOP-S5NN8IV" failures="0" tests="3" name="HahMap DataProvider Test" time="28.912" errors="0" timestamp="30 Jul 2024 03:22:08 GMT">
  <testcase classname="SupriyaBhosale.SeleniumProjectEcommerace.StandAloneTestHashmap" name="StandAlone" time="7.433"/>
  <testcase classname="SupriyaBhosale.SeleniumProjectEcommerace.StandAloneTestHashmap" name="StandAlone" time="5.364"/>
  <testcase classname="SupriyaBhosale.SeleniumProjectEcommerace.StandAloneTestHashmap" name="OrderHistoryTest" time="0.931"/>
</testsuite> <!-- HahMap DataProvider Test -->
