<?xml version="1.0" encoding="UTF-8"?>
<!-- Generated by org.testng.reporters.JUnitXMLReporter -->
<testsuite ignored="0" hostname="DESKTOP-S5NN8IV" failures="0" tests="2" name="Stand ALONE Test" time="10.808" errors="0" timestamp="25 Jul 2024 15:23:29 GMT">
  <testcase classname="SupriyaBhosale.SeleniumProjectEcommerace.StandAloneTest" name="StandAlone" time="5.523"/>
  <testcase classname="SupriyaBhosale.SeleniumProjectEcommerace.StandAloneTest" name="OrderHistoryTest" time="0.862"/>
</testsuite> <!-- Stand ALONE Test -->
