<?xml version="1.0" encoding="UTF-8"?>
<testng-results ignored="0" total="5" passed="5" failed="0" skipped="0">
  <reporter-output>
  </reporter-output>
  <suite started-at="2024-08-16T22:16:49Z" name="Suite" finished-at="2024-08-16T22:17:03Z" duration-ms="13852">
    <groups>
      <group name="ErrorHandling">
        <method signature="ErrorValidation.loginErroValidation()[pri:0, instance:SupriyaBhosale.SeleniumProjectEcommerace.ErrorValidation@4f2c9ba6]" name="loginErroValidation" class="SupriyaBhosale.SeleniumProjectEcommerace.ErrorValidation"/>
      </group> <!-- ErrorHandling -->
      <group name="purchase">
        <method signature="StandAloneTestHashmap.StandAlone(java.util.HashMap)[pri:0, instance:SupriyaBhosale.SeleniumProjectEcommerace.StandAloneTestHashmap@5ed731d0]" name="StandAlone" class="SupriyaBhosale.SeleniumProjectEcommerace.StandAloneTestHashmap"/>
      </group> <!-- purchase -->
    </groups>
    <test started-at="2024-08-16T22:16:49Z" name="Error validation Test" finished-at="2024-08-16T22:16:57Z" duration-ms="8256">
      <class name="SupriyaBhosale.SeleniumProjectEcommerace.ErrorValidation">
        <test-method is-config="true" signature="lunchApplication()[pri:0, instance:SupriyaBhosale.SeleniumProjectEcommerace.ErrorValidation@4f2c9ba6]" started-at="2024-08-16T22:16:49Z" name="lunchApplication" finished-at="2024-08-16T22:16:52Z" duration-ms="2598" status="PASS">
          <reporter-output>
          </reporter-output>
        </test-method> <!-- lunchApplication -->
        <test-method signature="loginErroValidation()[pri:0, instance:SupriyaBhosale.SeleniumProjectEcommerace.ErrorValidation@4f2c9ba6]" started-at="2024-08-16T22:16:52Z" name="loginErroValidation" finished-at="2024-08-16T22:16:53Z" duration-ms="901" status="PASS">
          <reporter-output>
          </reporter-output>
        </test-method> <!-- loginErroValidation -->
        <test-method is-config="true" signature="tearDown()[pri:0, instance:SupriyaBhosale.SeleniumProjectEcommerace.ErrorValidation@4f2c9ba6]" started-at="2024-08-16T22:16:53Z" name="tearDown" finished-at="2024-08-16T22:16:53Z" duration-ms="21" status="PASS">
          <reporter-output>
          </reporter-output>
        </test-method> <!-- tearDown -->
        <test-method is-config="true" signature="lunchApplication()[pri:0, instance:SupriyaBhosale.SeleniumProjectEcommerace.ErrorValidation@4f2c9ba6]" started-at="2024-08-16T22:16:53Z" name="lunchApplication" finished-at="2024-08-16T22:16:54Z" duration-ms="1065" status="PASS">
          <reporter-output>
          </reporter-output>
        </test-method> <!-- lunchApplication -->
        <test-method signature="productErrorValidation()[pri:0, instance:SupriyaBhosale.SeleniumProjectEcommerace.ErrorValidation@4f2c9ba6]" started-at="2024-08-16T22:16:54Z" name="productErrorValidation" finished-at="2024-08-16T22:16:57Z" duration-ms="3619" status="PASS">
          <reporter-output>
          </reporter-output>
        </test-method> <!-- productErrorValidation -->
        <test-method is-config="true" signature="tearDown()[pri:0, instance:SupriyaBhosale.SeleniumProjectEcommerace.ErrorValidation@4f2c9ba6]" started-at="2024-08-16T22:16:57Z" name="tearDown" finished-at="2024-08-16T22:16:57Z" duration-ms="31" status="PASS">
          <reporter-output>
          </reporter-output>
        </test-method> <!-- tearDown -->
      </class> <!-- SupriyaBhosale.SeleniumProjectEcommerace.ErrorValidation -->
    </test> <!-- Error validation Test -->
    <test started-at="2024-08-16T22:16:49Z" name="HahMap DataProvider Test" finished-at="2024-08-16T22:17:03Z" duration-ms="13852">
      <class name="SupriyaBhosale.SeleniumProjectEcommerace.StandAloneTestHashmap">
        <test-method is-config="true" signature="lunchApplication()[pri:0, instance:SupriyaBhosale.SeleniumProjectEcommerace.StandAloneTestHashmap@5ed731d0]" started-at="2024-08-16T22:16:49Z" name="lunchApplication" finished-at="2024-08-16T22:16:52Z" duration-ms="2443" status="PASS">
          <reporter-output>
          </reporter-output>
        </test-method> <!-- lunchApplication -->
        <test-method signature="StandAlone(java.util.HashMap)[pri:0, instance:SupriyaBhosale.SeleniumProjectEcommerace.StandAloneTestHashmap@5ed731d0]" started-at="2024-08-16T22:16:52Z" name="StandAlone" data-provider="getData" finished-at="2024-08-16T22:16:56Z" duration-ms="4301" status="PASS">
          <params>
            <param index="0">
              <value>
                <![CDATA[{password=Supriya1234@, product=ZARA COAT 3, email=bhosalesupriya0912@gmail.com}]]>
              </value>
            </param>
          </params>
          <reporter-output>
          </reporter-output>
        </test-method> <!-- StandAlone -->
        <test-method is-config="true" signature="tearDown()[pri:0, instance:SupriyaBhosale.SeleniumProjectEcommerace.StandAloneTestHashmap@5ed731d0]" started-at="2024-08-16T22:16:56Z" name="tearDown" finished-at="2024-08-16T22:16:56Z" duration-ms="25" status="PASS">
          <reporter-output>
          </reporter-output>
        </test-method> <!-- tearDown -->
        <test-method is-config="true" signature="lunchApplication()[pri:0, instance:SupriyaBhosale.SeleniumProjectEcommerace.StandAloneTestHashmap@5ed731d0]" started-at="2024-08-16T22:16:56Z" name="lunchApplication" finished-at="2024-08-16T22:16:57Z" duration-ms="990" status="PASS">
          <reporter-output>
          </reporter-output>
        </test-method> <!-- lunchApplication -->
        <test-method signature="StandAlone(java.util.HashMap)[pri:0, instance:SupriyaBhosale.SeleniumProjectEcommerace.StandAloneTestHashmap@5ed731d0]" started-at="2024-08-16T22:16:57Z" name="StandAlone" data-provider="getData" finished-at="2024-08-16T22:17:01Z" duration-ms="4384" status="PASS">
          <params>
            <param index="0">
              <value>
                <![CDATA[{password=Prit0911, product=ADIDAS ORIGINAL, email=gargi.b94@gmail.com}]]>
              </value>
            </param>
          </params>
          <reporter-output>
          </reporter-output>
        </test-method> <!-- StandAlone -->
        <test-method is-config="true" signature="tearDown()[pri:0, instance:SupriyaBhosale.SeleniumProjectEcommerace.StandAloneTestHashmap@5ed731d0]" started-at="2024-08-16T22:17:01Z" name="tearDown" finished-at="2024-08-16T22:17:01Z" duration-ms="37" status="PASS">
          <reporter-output>
          </reporter-output>
        </test-method> <!-- tearDown -->
        <test-method is-config="true" signature="lunchApplication()[pri:0, instance:SupriyaBhosale.SeleniumProjectEcommerace.StandAloneTestHashmap@5ed731d0]" started-at="2024-08-16T22:17:01Z" name="lunchApplication" finished-at="2024-08-16T22:17:02Z" duration-ms="1049" status="PASS">
          <reporter-output>
          </reporter-output>
        </test-method> <!-- lunchApplication -->
        <test-method signature="OrderHistoryTest()[pri:0, instance:SupriyaBhosale.SeleniumProjectEcommerace.StandAloneTestHashmap@5ed731d0]" started-at="2024-08-16T22:17:02Z" name="OrderHistoryTest" finished-at="2024-08-16T22:17:03Z" depends-on-methods="SupriyaBhosale.SeleniumProjectEcommerace.StandAloneTestHashmap.StandAlone" duration-ms="382" status="PASS">
          <reporter-output>
          </reporter-output>
        </test-method> <!-- OrderHistoryTest -->
        <test-method is-config="true" signature="tearDown()[pri:0, instance:SupriyaBhosale.SeleniumProjectEcommerace.StandAloneTestHashmap@5ed731d0]" started-at="2024-08-16T22:17:03Z" name="tearDown" finished-at="2024-08-16T22:17:03Z" duration-ms="30" status="PASS">
          <reporter-output>
          </reporter-output>
        </test-method> <!-- tearDown -->
      </class> <!-- SupriyaBhosale.SeleniumProjectEcommerace.StandAloneTestHashmap -->
    </test> <!-- HahMap DataProvider Test -->
  </suite> <!-- Suite -->
</testng-results>
